<?xml version="1.0" encoding="UTF-8"?>
<robot generator="Robot 7.1 (Python 3.12.0 on win32)" generated="2024-10-11T22:48:47.587696" rpa="false" schemaversion="5">
<suite id="s1" name="Jimms Test" source="c:\Users\Lassi\Documents\GitHub\Ohjelmistotestaus\robot\jimms_test.robot">
<test id="s1-t1" name="Test_4" line="42">
<kw name="Open Browser" owner="SeleniumLibrary">
<msg time="2024-10-11T22:48:47.852716" level="INFO">Opening browser 'Firefox' to base url 'https://www.jimms.fi/'.</msg>
<arg>https://www.jimms.fi/</arg>
<arg>Firefox</arg>
<doc>Opens a new browser instance to the optional ``url``.</doc>
<status status="PASS" start="2024-10-11T22:48:47.851714" elapsed="7.028415"/>
</kw>
<kw name="Maximize Browser Window" owner="SeleniumLibrary">
<doc>Maximizes current browser window.</doc>
<status status="PASS" start="2024-10-11T22:48:54.881129" elapsed="0.325176"/>
</kw>
<kw name="Sleep" owner="BuiltIn">
<msg time="2024-10-11T22:48:57.206471" level="INFO">Slept 2 seconds.</msg>
<arg>2</arg>
<doc>Pauses the test executed for the given time.</doc>
<status status="PASS" start="2024-10-11T22:48:55.206305" elapsed="2.000166"/>
</kw>
<kw name="Click Element" owner="SeleniumLibrary">
<msg time="2024-10-11T22:48:57.207483" level="INFO">Clicking element 'xpath://html/body/header/div/div[1]/jim-drilldown-mega-menu/nav/ul/li[2]/a'.</msg>
<arg>xpath://html/body/header/div/div[1]/jim-drilldown-mega-menu/nav/ul/li[2]/a</arg>
<doc>Click the element identified by ``locator``.</doc>
<status status="PASS" start="2024-10-11T22:48:57.207483" elapsed="0.331192"/>
</kw>
<kw name="Sleep" owner="BuiltIn">
<msg time="2024-10-11T22:48:59.539802" level="INFO">Slept 2 seconds.</msg>
<arg>2</arg>
<doc>Pauses the test executed for the given time.</doc>
<status status="PASS" start="2024-10-11T22:48:57.538675" elapsed="2.001127"/>
</kw>
<kw name="Click Element" owner="SeleniumLibrary">
<msg time="2024-10-11T22:48:59.540824" level="INFO">Clicking element 'xpath://html/body/main/div[2]/div/div[1]/filtermenu/div/div[2]/div/div/div[2]/div/ul/li[12]/div/div/a/i'.</msg>
<arg>xpath://html/body/main/div[2]/div/div[1]/filtermenu/div/div[2]/div/div/div[2]/div/ul/li[12]/div/div/a/i</arg>
<doc>Click the element identified by ``locator``.</doc>
<status status="PASS" start="2024-10-11T22:48:59.539802" elapsed="0.357165"/>
</kw>
<kw name="Sleep" owner="BuiltIn">
<msg time="2024-10-11T22:49:01.898738" level="INFO">Slept 2 seconds.</msg>
<arg>2</arg>
<doc>Pauses the test executed for the given time.</doc>
<status status="PASS" start="2024-10-11T22:48:59.898132" elapsed="2.000606"/>
</kw>
<kw name="Click Element" owner="SeleniumLibrary">
<msg time="2024-10-11T22:49:01.898738" level="INFO">Clicking element 'xpath://html/body/main/div[2]/div/div[1]/filtermenu/div/div[2]/div[3]/div[3]/div[1]/i[2]'.</msg>
<arg>xpath://html/body/main/div[2]/div/div[1]/filtermenu/div/div[2]/div[3]/div[3]/div[1]/i[2]</arg>
<doc>Click the element identified by ``locator``.</doc>
<status status="PASS" start="2024-10-11T22:49:01.898738" elapsed="0.224332"/>
</kw>
<kw name="Sleep" owner="BuiltIn">
<msg time="2024-10-11T22:49:04.123567" level="INFO">Slept 2 seconds.</msg>
<arg>2</arg>
<doc>Pauses the test executed for the given time.</doc>
<status status="PASS" start="2024-10-11T22:49:02.123070" elapsed="2.000497"/>
</kw>
<kw name="Click Element" owner="SeleniumLibrary">
<msg time="2024-10-11T22:49:04.123567" level="INFO">Clicking element 'xpath://html/body/main/div[2]/div/div[1]/filtermenu/div/div[2]/div[3]/div[3]/div[2]/div/div[31]/span[2]'.</msg>
<arg>xpath://html/body/main/div[2]/div/div[1]/filtermenu/div/div[2]/div[3]/div[3]/div[2]/div/div[31]/span[2]</arg>
<doc>Click the element identified by ``locator``.</doc>
<status status="PASS" start="2024-10-11T22:49:04.123567" elapsed="0.249312"/>
</kw>
<kw name="Sleep" owner="BuiltIn">
<msg time="2024-10-11T22:49:06.373619" level="INFO">Slept 2 seconds.</msg>
<arg>2</arg>
<doc>Pauses the test executed for the given time.</doc>
<status status="PASS" start="2024-10-11T22:49:04.372879" elapsed="2.000740"/>
</kw>
<kw name="Click Element" owner="SeleniumLibrary">
<msg time="2024-10-11T22:49:06.373619" level="INFO">Clicking element 'xpath://html/body/main/div[2]/div/div[1]/filtermenu/div/div[2]/div[3]/div[3]/div[2]/div/div[3]/div[1]/span'.</msg>
<arg>xpath://html/body/main/div[2]/div/div[1]/filtermenu/div/div[2]/div[3]/div[3]/div[2]/div/div[3]/div[1]/span</arg>
<doc>Click the element identified by ``locator``.</doc>
<status status="PASS" start="2024-10-11T22:49:06.373619" elapsed="0.219762"/>
</kw>
<kw name="Open Browser" owner="SeleniumLibrary">
<msg time="2024-10-11T22:49:06.593381" level="INFO">Opening browser 'Chrome' to base url 'https://www.jimms.fi/'.</msg>
<arg>https://www.jimms.fi/</arg>
<arg>Chrome</arg>
<doc>Opens a new browser instance to the optional ``url``.</doc>
<status status="PASS" start="2024-10-11T22:49:06.593381" elapsed="3.337061"/>
</kw>
<kw name="Maximize Browser Window" owner="SeleniumLibrary">
<doc>Maximizes current browser window.</doc>
<status status="PASS" start="2024-10-11T22:49:09.931455" elapsed="0.184414"/>
</kw>
<kw name="Sleep" owner="BuiltIn">
<msg time="2024-10-11T22:49:12.117725" level="INFO">Slept 2 seconds.</msg>
<arg>2</arg>
<doc>Pauses the test executed for the given time.</doc>
<status status="PASS" start="2024-10-11T22:49:10.116725" elapsed="2.001000"/>
</kw>
<kw name="Click Element" owner="SeleniumLibrary">
<msg time="2024-10-11T22:49:12.117725" level="INFO">Clicking element 'xpath:/html/body/div[1]/div/div/span'.</msg>
<msg time="2024-10-11T22:49:12.117725" level="WARN">Keyword 'Capture Page Screenshot' could not be run on failure: Message: no such window: target window already closed
from unknown error: web view not found
  (Session info: chrome=129.0.6668.101)
Stacktrace:
	GetHandleVerifier [0x00007FF7ED11B095+29557]
	(No symbol) [0x00007FF7ED08FA50]
	(No symbol) [0x00007FF7ECF4B56A]
	(No symbol) [0x00007FF7ECF1FCC5]
	(No symbol) [0x00007FF7ECFCEE07]
	(No symbol) [0x00007FF7ECFE7E21]
	(No symbol) [0x00007FF7ECFC6F33]
	(No symbol) [0x00007FF7ECF9116F]
	(No symbol) [0x00007FF7ECF922D1]
	GetHandleVerifier [0x00007FF7ED44C96D+3378253]
	GetHandleVerifier [0x00007FF7ED498497+3688311]
	GetHandleVerifier [0x00007FF7ED48D1CB+3642539]
	GetHandleVerifier [0x00007FF7ED1DA6B6+813462]
	(No symbol) [0x00007FF7ED09AB5F]
	(No symbol) [0x00007FF7ED096B74]
	(No symbol) [0x00007FF7ED096D10]
	(No symbol) [0x00007FF7ED085C1F]
	BaseThreadInitThunk [0x00007FFBB73E257D+29]
	RtlUserThreadStart [0x00007FFBB904AF08+40]
</msg>
<msg time="2024-10-11T22:49:12.121733" level="FAIL">NoSuchWindowException: Message: no such window: target window already closed
from unknown error: web view not found
  (Session info: chrome=129.0.6668.101)
Stacktrace:
	GetHandleVerifier [0x00007FF7ED11B095+29557]
	(No symbol) [0x00007FF7ED08FA50]
	(No symbol) [0x00007FF7ECF4B56A]
	(No symbol) [0x00007FF7ECF1FCC5]
	(No symbol) [0x00007FF7ECFCEE07]
	(No symbol) [0x00007FF7ECFE7E21]
	(No symbol) [0x00007FF7ECFC6F33]
	(No symbol) [0x00007FF7ECF9116F]
	(No symbol) [0x00007FF7ECF922D1]
	GetHandleVerifier [0x00007FF7ED44C96D+3378253]
	GetHandleVerifier [0x00007FF7ED498497+3688311]
	GetHandleVerifier [0x00007FF7ED48D1CB+3642539]
	GetHandleVerifier [0x00007FF7ED1DA6B6+813462]
	(No symbol) [0x00007FF7ED09AB5F]
	(No symbol) [0x00007FF7ED096B74]
	(No symbol) [0x00007FF7ED096D10]
	(No symbol) [0x00007FF7ED085C1F]
	BaseThreadInitThunk [0x00007FFBB73E257D+29]
	RtlUserThreadStart [0x00007FFBB904AF08+40]
</msg>
<arg>xpath:/html/body/div[1]/div/div/span</arg>
<doc>Click the element identified by ``locator``.</doc>
<status status="FAIL" start="2024-10-11T22:49:12.117725" elapsed="0.004008">NoSuchWindowException: Message: no such window: target window already closed
from unknown error: web view not found
  (Session info: chrome=129.0.6668.101)
Stacktrace:
	GetHandleVerifier [0x00007FF7ED11B095+29557]
	(No symbol) [0x00007FF7ED08FA50]
	(No symbol) [0x00007FF7ECF4B56A]
	(No symbol) [0x00007FF7ECF1FCC5]
	(No symbol) [0x00007FF7ECFCEE07]
	(No symbol) [0x00007FF7ECFE7E21]
	(No symbol) [0x00007FF7ECFC6F33]
	(No symbol) [0x00007FF7ECF9116F]
	(No symbol) [0x00007FF7ECF922D1]
	GetHandleVerifier [0x00007FF7ED44C96D+3378253]
	GetHandleVerifier [0x00007FF7ED498497+3688311]
	GetHandleVerifier [0x00007FF7ED48D1CB+3642539]
	GetHandleVerifier [0x00007FF7ED1DA6B6+813462]
	(No symbol) [0x00007FF7ED09AB5F]
	(No symbol) [0x00007FF7ED096B74]
	(No symbol) [0x00007FF7ED096D10]
	(No symbol) [0x00007FF7ED085C1F]
	BaseThreadInitThunk [0x00007FFBB73E257D+29]
	RtlUserThreadStart [0x00007FFBB904AF08+40]
</status>
</kw>
<kw name="Sleep" owner="BuiltIn">
<arg>2</arg>
<doc>Pauses the test executed for the given time.</doc>
<status status="NOT RUN" start="2024-10-11T22:49:12.121733" elapsed="0.000000"/>
</kw>
<kw name="Click Element" owner="SeleniumLibrary">
<arg>xpath:/html/body/div[1]/div/div/ul/li[1]/button</arg>
<doc>Click the element identified by ``locator``.</doc>
<status status="NOT RUN" start="2024-10-11T22:49:12.121733" elapsed="0.000000"/>
</kw>
<status status="FAIL" start="2024-10-11T22:48:47.850714" elapsed="24.271019">NoSuchWindowException: Message: no such window: target window already closed
from unknown error: web view not found
  (Session info: chrome=129.0.6668.101)
Stacktrace:
	GetHandleVerifier [0x00007FF7ED11B095+29557]
	(No symbol) [0x00007FF7ED08FA50]
	(No symbol) [0x00007FF7ECF4B56A]
	(No symbol) [0x00007FF7ECF1FCC5]
	(No symbol) [0x00007FF7ECFCEE07]
	(No symbol) [0x00007FF7ECFE7E21]
	(No symbol) [0x00007FF7ECFC6F33]
	(No symbol) [0x00007FF7ECF9116F]
	(No symbol) [0x00007FF7ECF922D1]
	GetHandleVerifier [0x00007FF7ED44C96D+3378253]
	GetHandleVerifier [0x00007FF7ED498497+3688311]
	GetHandleVerifier [0x00007FF7ED48D1CB+3642539]
	GetHandleVerifier [0x00007FF7ED1DA6B6+813462]
	(No symbol) [0x00007FF7ED09AB5F]
	(No symbol) [0x00007FF7ED096B74]
	(No symbol) [0x00007FF7ED096D10]
	(No symbol) [0x00007FF7ED085C1F]
	BaseThreadInitThunk [0x00007FFBB73E257D+29]
	RtlUserThreadStart [0x00007FFBB904AF08+40]
</status>
</test>
<status status="FAIL" start="2024-10-11T22:48:47.593684" elapsed="24.536058"/>
</suite>
<statistics>
<total>
<stat pass="0" fail="1" skip="0">All Tests</stat>
</total>
<tag>
</tag>
<suite>
<stat pass="0" fail="1" skip="0" id="s1" name="Jimms Test">Jimms Test</stat>
</suite>
</statistics>
<errors>
<msg time="2024-10-11T22:49:12.117725" level="WARN">Keyword 'Capture Page Screenshot' could not be run on failure: Message: no such window: target window already closed
from unknown error: web view not found
  (Session info: chrome=129.0.6668.101)
Stacktrace:
	GetHandleVerifier [0x00007FF7ED11B095+29557]
	(No symbol) [0x00007FF7ED08FA50]
	(No symbol) [0x00007FF7ECF4B56A]
	(No symbol) [0x00007FF7ECF1FCC5]
	(No symbol) [0x00007FF7ECFCEE07]
	(No symbol) [0x00007FF7ECFE7E21]
	(No symbol) [0x00007FF7ECFC6F33]
	(No symbol) [0x00007FF7ECF9116F]
	(No symbol) [0x00007FF7ECF922D1]
	GetHandleVerifier [0x00007FF7ED44C96D+3378253]
	GetHandleVerifier [0x00007FF7ED498497+3688311]
	GetHandleVerifier [0x00007FF7ED48D1CB+3642539]
	GetHandleVerifier [0x00007FF7ED1DA6B6+813462]
	(No symbol) [0x00007FF7ED09AB5F]
	(No symbol) [0x00007FF7ED096B74]
	(No symbol) [0x00007FF7ED096D10]
	(No symbol) [0x00007FF7ED085C1F]
	BaseThreadInitThunk [0x00007FFBB73E257D+29]
	RtlUserThreadStart [0x00007FFBB904AF08+40]
</msg>
</errors>
</robot>
